<?xml version="1.0" encoding="UTF-8"?>
<!-- Generated by org.testng.reporters.JUnitXMLReporter -->
<testsuite ignored="0" hostname="DESKTOP-N9QFJ52" failures="3" tests="3" name="Default test" time="0.906" errors="0" timestamp="2021-11-30T13:24:45 IST">
  <testcase classname="io.cucumber.testng.AbstractTestNGCucumberTests" name="runScenario" time="0.233">
    <failure type="java.lang.NullPointerException" message="Cannot invoke &amp;quot;org.openqa.selenium.WebDriver.get(String)&amp;quot; because &amp;quot;stepDefination.HomePage.wd&amp;quot; is null">
      <![CDATA[java.lang.NullPointerException: Cannot invoke "org.openqa.selenium.WebDriver.get(String)" because "stepDefination.HomePage.wd" is null
at stepDefination.HomePage.user_is_in_page(HomePage.java:19)
at ✽.user is in "Web Examples for Selenium Tests" page(file:///C:/Users/ignite/git/cucumberproject/src/test/resources/features/sprint1/feature1.feature:4)
]]>
    </failure>
  </testcase> <!-- runScenario -->
  <testcase classname="io.cucumber.testng.AbstractTestNGCucumberTests" name="runScenario" time="0.013">
    <failure type="java.lang.NullPointerException" message="Cannot invoke &amp;quot;org.openqa.selenium.WebDriver.get(String)&amp;quot; because &amp;quot;stepDefination.HomePage.wd&amp;quot; is null">
      <![CDATA[java.lang.NullPointerException: Cannot invoke "org.openqa.selenium.WebDriver.get(String)" because "stepDefination.HomePage.wd" is null
at stepDefination.HomePage.user_is_in_page(HomePage.java:19)
at ✽.user is in "Web Examples for Selenium Tests" page(file:///C:/Users/ignite/git/cucumberproject/src/test/resources/features/sprint1/feature1.feature:10)
]]>
    </failure>
  </testcase> <!-- runScenario -->
  <testcase classname="io.cucumber.testng.AbstractTestNGCucumberTests" name="runScenario" time="0.025">
    <failure type="java.lang.NullPointerException" message="Cannot invoke &amp;quot;org.openqa.selenium.WebDriver.get(String)&amp;quot; because &amp;quot;stepDefination.HomePage.wd&amp;quot; is null">
      <![CDATA[java.lang.NullPointerException: Cannot invoke "org.openqa.selenium.WebDriver.get(String)" because "stepDefination.HomePage.wd" is null
at stepDefination.HomePage.user_is_in_page(HomePage.java:19)
at ✽.user is in "Web Examples for Selenium Tests" page(file:///C:/Users/ignite/git/cucumberproject/src/test/resources/features/sprint1/feature1.feature:18)
]]>
    </failure>
  </testcase> <!-- runScenario -->
</testsuite> <!-- Default test -->
