<?xml version="1.0" encoding="UTF-8"?>
<!-- Generated by org.testng.reporters.JUnitReportReporter -->
<testsuite hostname="DESKTOP-N9QFJ52" failures="1" tests="1" name="testRunners.TestRun_Smoke" time="12.107" errors="0" timestamp="2021-11-29T14:24:29 IST" skipped="0">
  <testcase classname="testRunners.TestRun_Smoke" name="runScenario" time="12.107">
    <failure message="expected [Selenium Test Example Page1] but found [Selenium Test Example Page]" type="java.lang.AssertionError">
      <![CDATA[java.lang.AssertionError: expected [Selenium Test Example Page1] but found [Selenium Test Example Page]
at org.testng.Assert.fail(Assert.java:99)
at org.testng.Assert.failNotEquals(Assert.java:1037)
at org.testng.Assert.assertEqualsImpl(Assert.java:140)
at org.testng.Assert.assertEquals(Assert.java:122)
at org.testng.Assert.assertEquals(Assert.java:629)
at org.testng.Assert.assertEquals(Assert.java:639)
at stepDefination.HomePage.system_should_open(HomePage.java:36)
at âœ½.system should open "Selenium Test Example Page1"(file:///C:/Users/ignite/git/cucumber/cucumberproject/src/test/resources/features/sprint1/feature1.feature:6)
]]>
    </failure>
  </testcase> <!-- runScenario -->
  <system-out/>
</testsuite> <!-- testRunners.TestRun_Smoke -->
