<?xml version="1.0" encoding="UTF-8"?>
<!-- Generated by org.testng.reporters.JUnitReportReporter -->
<testsuite hostname="DESKTOP-N9QFJ52" failures="2" tests="3" name="testRunners.TestRun1" time="17.601" errors="0" timestamp="2021-12-01T13:59:52 IST" skipped="0">
  <testcase classname="testRunners.TestRun1" name="runScenario" time="4.434"/>
  <system-out/>
  <testcase classname="testRunners.TestRun1" name="runScenario" time="8.258">
    <failure message="expected [Selenium Test Example Page1] but found [Selenium Test Example Page]" type="java.lang.AssertionError">
      <![CDATA[java.lang.AssertionError: expected [Selenium Test Example Page1] but found [Selenium Test Example Page]
at org.testng.Assert.fail(Assert.java:99)
at org.testng.Assert.failNotEquals(Assert.java:1037)
at org.testng.Assert.assertEqualsImpl(Assert.java:140)
at org.testng.Assert.assertEquals(Assert.java:122)
at org.testng.Assert.assertEquals(Assert.java:629)
at org.testng.Assert.assertEquals(Assert.java:639)
at stepDefination.HomePage.system_should_open(HomePage.java:36)
at ✽.system should open "Selenium Test Example Page1"(file:///C:/Users/ignite/git/cucumberproject/src/test/resources/features/sprint1/feature1.feature:6)
]]>
    </failure>
  </testcase> <!-- runScenario -->
  <system-out/>
  <testcase classname="testRunners.TestRun1" name="runScenario" time="4.909">
    <failure message="expected [Selenium Test Example Page2] but found [Selenium Test Example Page]" type="java.lang.AssertionError">
      <![CDATA[java.lang.AssertionError: expected [Selenium Test Example Page2] but found [Selenium Test Example Page]
at org.testng.Assert.fail(Assert.java:99)
at org.testng.Assert.failNotEquals(Assert.java:1037)
at org.testng.Assert.assertEqualsImpl(Assert.java:140)
at org.testng.Assert.assertEquals(Assert.java:122)
at org.testng.Assert.assertEquals(Assert.java:629)
at org.testng.Assert.assertEquals(Assert.java:639)
at stepDefination.HomePage.system_should_open(HomePage.java:36)
at ✽.system should open "Selenium Test Example Page2"(file:///C:/Users/ignite/git/cucumberproject/src/test/resources/features/sprint1/feature1.feature:20)
]]>
    </failure>
  </testcase> <!-- runScenario -->
  <system-out/>
</testsuite> <!-- testRunners.TestRun1 -->
