<?xml version="1.0" encoding="UTF-8"?>
<!-- Generated by org.testng.reporters.JUnitXMLReporter -->
<testsuite ignored="0" hostname="DESKTOP-N9QFJ52" failures="2" tests="3" name="Testname" time="18.32" errors="0" timestamp="2021-12-01T13:59:52 IST">
  <testcase classname="io.cucumber.testng.AbstractTestNGCucumberTests" name="runScenario" time="8.258">
    <failure type="java.lang.AssertionError" message="expected [Selenium Test Example Page1] but found [Selenium Test Example Page]">
      <![CDATA[java.lang.AssertionError: expected [Selenium Test Example Page1] but found [Selenium Test Example Page]
at stepDefination.HomePage.system_should_open(HomePage.java:36)
at ✽.system should open "Selenium Test Example Page1"(file:///C:/Users/ignite/git/cucumberproject/src/test/resources/features/sprint1/feature1.feature:6)
... Removed 6 stack frames]]>
    </failure>
  </testcase> <!-- runScenario -->
  <testcase classname="io.cucumber.testng.AbstractTestNGCucumberTests" name="runScenario" time="4.434"/>
  <testcase classname="io.cucumber.testng.AbstractTestNGCucumberTests" name="runScenario" time="4.909">
    <failure type="java.lang.AssertionError" message="expected [Selenium Test Example Page2] but found [Selenium Test Example Page]">
      <![CDATA[java.lang.AssertionError: expected [Selenium Test Example Page2] but found [Selenium Test Example Page]
at stepDefination.HomePage.system_should_open(HomePage.java:36)
at ✽.system should open "Selenium Test Example Page2"(file:///C:/Users/ignite/git/cucumberproject/src/test/resources/features/sprint1/feature1.feature:20)
... Removed 6 stack frames]]>
    </failure>
  </testcase> <!-- runScenario -->
</testsuite> <!-- Testname -->
